
> vibe-generated-app@1.0.0 dev
> vite


  VITE v5.4.20  ready in 262 ms

  ➜  Local:   http://localhost:3000/
  ➜  Network: http://172.20.0.104:3000/
10:30:09 AM [vite] Pre-transform error: Transform failed with 1 error:
/home/workspace/src/App.jsx:80:33: ERROR: Expected ";" but found "{"
10:30:10 AM [vite] Internal server error: Transform failed with 1 error:
/home/workspace/src/App.jsx:80:33: ERROR: Expected ";" but found "{"
  Plugin: vite:esbuild
  File: /home/workspace/src/App.jsx:80:33
  
  Expected ";" but found "{"
  78 |    }, [items]);
  79 |  
  80 |    const onSearch = async (query) {
     |                                   ^
  81 |      try {
  82 |        setError('');
  
      at failureErrorWithLog (/home/workspace/node_modules/esbuild/lib/main.js:1472:15)
      at /home/workspace/node_modules/esbuild/lib/main.js:755:50
      at responseCallbacks.<computed> (/home/workspace/node_modules/esbuild/lib/main.js:622:9)
      at handleIncomingPacket (/home/workspace/node_modules/esbuild/lib/main.js:677:12)
      at Socket.readFromStdout (/home/workspace/node_modules/esbuild/lib/main.js:600:7)
      at Socket.emit (node:events:508:28)
      at addChunk (node:internal/streams/readable:559:12)
      at readableAddChunkPushByteMode (node:internal/streams/readable:510:3)
      at Readable.push (node:internal/streams/readable:390:5)
      at Pipe.onStreamRead (node:internal/stream_base_commons:189:23)
10:30:10 AM [vite] Internal server error: Transform failed with 1 error:
/home/workspace/src/App.jsx:80:33: ERROR: Expected ";" but found "{"
  Plugin: vite:esbuild
  File: /home/workspace/src/App.jsx:80:33
  
  Expected ";" but found "{"
  78 |    }, [items]);
  79 |  
  80 |    const onSearch = async (query) {
     |                                   ^
  81 |      try {
  82 |        setError('');
  
      at failureErrorWithLog (/home/workspace/node_modules/esbuild/lib/main.js:1472:15)
      at /home/workspace/node_modules/esbuild/lib/main.js:755:50
      at responseCallbacks.<computed> (/home/workspace/node_modules/esbuild/lib/main.js:622:9)
      at handleIncomingPacket (/home/workspace/node_modules/esbuild/lib/main.js:677:12)
      at Socket.readFromStdout (/home/workspace/node_modules/esbuild/lib/main.js:600:7)
      at Socket.emit (node:events:508:28)
      at addChunk (node:internal/streams/readable:559:12)
      at readableAddChunkPushByteMode (node:internal/streams/readable:510:3)
      at Readable.push (node:internal/streams/readable:390:5)
      at Pipe.onStreamRead (node:internal/stream_base_commons:189:23)
10:30:28 AM [vite] Internal server error: Transform failed with 1 error:
/home/workspace/src/App.jsx:80:33: ERROR: Expected ";" but found "{"
  Plugin: vite:esbuild
  File: /home/workspace/src/App.jsx:80:33
  
  Expected ";" but found "{"
  78 |    }, [items]);
  79 |  
  80 |    const onSearch = async (query) {
     |                                   ^
  81 |      try {
  82 |        setError('');
  
      at failureErrorWithLog (/home/workspace/node_modules/esbuild/lib/main.js:1472:15)
      at /home/workspace/node_modules/esbuild/lib/main.js:755:50
      at responseCallbacks.<computed> (/home/workspace/node_modules/esbuild/lib/main.js:622:9)
      at handleIncomingPacket (/home/workspace/node_modules/esbuild/lib/main.js:677:12)
      at Socket.readFromStdout (/home/workspace/node_modules/esbuild/lib/main.js:600:7)
      at Socket.emit (node:events:508:28)
      at addChunk (node:internal/streams/readable:559:12)
      at readableAddChunkPushByteMode (node:internal/streams/readable:510:3)
      at Readable.push (node:internal/streams/readable:390:5)
      at Pipe.onStreamRead (node:internal/stream_base_commons:189:23)
